"Start of log file."
"C:/Users/Aaron/DOCUME~1/GitHub/HELICO~1/Assets/Turrets/3DMODE~1/SUPERT~1.MAX"
"Starting max loading and fbx conversion"
window = undefined
"Settings units"
"Before fbx export"
"After fbx export"
"Finished max loading and fbx conversion"
"C:/Users/Aaron/DOCUME~1/GitHub/HELICO~1/Assets/Turrets/3DMODE~1/turret4.max"
"Starting max loading and fbx conversion"
window = undefined
"Settings units"
"Before fbx export"
"After fbx export"
"Finished max loading and fbx conversion"
"C:/Users/Aaron/DOCUME~1/GitHub/HELICO~1/Assets/Turrets/3DMODE~1/turret1.max"
"Starting max loading and fbx conversion"
window = undefined
"Settings units"
"Before fbx export"
"After fbx export"
"Finished max loading and fbx conversion"
"C:/Users/Aaron/DOCUME~1/GitHub/HELICO~1/Assets/Turrets/3DMODE~1/turret2.max"
"Starting max loading and fbx conversion"
window = undefined
"Settings units"
"Before fbx export"
"After fbx export"
"Finished max loading and fbx conversion"
